Aligning contigs to reference...
	Aligning contigs to the reference
Filtering alignments...
Parsing coords...
Loading reference...
	Loaded [NC_001133.9]
	Loaded [NC_001134.8]
	Loaded [NC_001135.5]
	Loaded [NC_001136.10]
	Loaded [NC_001137.3]
	Loaded [NC_001138.5]
	Loaded [NC_001139.9]
	Loaded [NC_001140.6]
	Loaded [NC_001141.2]
	Loaded [NC_001142.9]
	Loaded [NC_001143.9]
	Loaded [NC_001144.5]
	Loaded [NC_001145.3]
	Loaded [NC_001146.8]
	Loaded [NC_001147.6]
	Loaded [NC_001148.4]
	Loaded [NC_001224.1]
	Total Regions: 17
	Total Region Length: 12157105
Analyzing contigs...
CONTIG: ptg000001l (4737bp)
Best alignment score: 4723.3 (LEN: 4737, IDY: 99.71), Total number of alignments: 1
		One align captures most of this contig: 1446155 1450900 | 4737 1 | 4746 4737 | 99.71 | NC_001136.10 ptg000001l

CONTIG: ptg000002l (2850bp)
Best alignment score: 1884.0 (LEN: 1887, IDY: 99.84), Total number of alignments: 3
			Looking for the best set of alignments (out of 3 total alignments)
			The best set is below. Score: 2500.7, number of alignments: 3, unaligned bases: 326
		This contig is misassembled.
			Real Alignment 1: 60321 60483 | 1 161 | 163 161 | 98.77 | NC_001224.1 ptg000002l
			  Indel (> 5bp) between these two alignments: deletion of length 84; 0 mismatches (number of Ns: 0)
			Real Alignment 2: 60568 62451 | 162 2048 | 1884 1887 | 99.84 | NC_001224.1 ptg000002l
			  Gap between these two alignments (local misassembly). Inconsistency = 124
			Real Alignment 3: 62902 63394 | 2375 2850 | 493 476 | 96.15 | NC_001224.1 ptg000002l

CONTIG: ptg000003l (4144bp)
Best alignment score: 4088.1 (LEN: 4124, IDY: 99.13), Total number of alignments: 1
		One align captures most of this contig: 547800 551922 | 4144 21 | 4123 4124 | 99.13 | NC_001139.9 ptg000003l

CONTIG: ptg000004l (5483bp)
Best alignment score: 5393.8 (LEN: 5422, IDY: 99.48), Total number of alignments: 10
			Looking for the best set of alignments (out of 10 total alignments)
			Skipping redundant alignments after choosing the best set of alignments
		Skipping redundant alignment 1 1619 | 161 1780 | 1619 1620 | 98.58 | NC_001134.8 ptg000004l
		Skipping redundant alignment 1779 1856 | 1832 1909 | 78 78 | 98.72 | NC_001134.8 ptg000004l
		Skipping redundant alignment 68 4952 | 62 5074 | 4885 5013 | 95.89 | NC_001140.6 ptg000004l
		Skipping redundant alignment 2253 5461 | 1910 5105 | 3209 3196 | 99.0 | NC_001134.8 ptg000004l
		Skipping redundant alignment 942808 948066 | 5223 73 | 5259 5151 | 96.79 | NC_001148.4 ptg000004l
		Skipping redundant alignment 5462 5808 | 5133 5483 | 347 351 | 98.29 | NC_001134.8 ptg000004l
		Skipping redundant alignment 557024 562423 | 5483 62 | 5400 5422 | 98.47 | NC_001140.6 ptg000004l
		Skipping redundant alignment 5757 11158 | 61 5483 | 5402 5423 | 99.08 | NC_001144.5 ptg000004l
		Skipping redundant alignment 102 5623 | 55 5483 | 5522 5429 | 97.17 | NC_001144.5 ptg000004l
		This contig has several significant sets of alignments. [An ambiguously mapped contig]
		Using only the very best set (option --ambiguity-usage is set to "one").
			The best set is below. Score: 5393.8, number of alignments: 1, unaligned bases: 61
		Alignment: 85 5499 | 62 5483 | 5415 5422 | 99.48 | NC_001145.3 ptg000004l

CONTIG: ptg000005l (7282bp)
Best alignment score: 7244.9 (LEN: 7282, IDY: 99.49), Total number of alignments: 1
		One align captures most of this contig: 528001 535286 | 1 7282 | 7286 7282 | 99.49 | NC_001134.8 ptg000005l

CONTIG: ptg000006l (4423bp)
Best alignment score: 4407.1 (LEN: 4423, IDY: 99.64), Total number of alignments: 1
		One align captures most of this contig: 249175 253594 | 4423 1 | 4420 4423 | 99.64 | NC_001147.6 ptg000006l

CONTIG: ptg000007l (6030bp)
Best alignment score: 5921.0 (LEN: 6024, IDY: 98.29), Total number of alignments: 1
		One align captures most of this contig: 1379528 1385577 | 6030 7 | 6050 6024 | 98.29 | NC_001136.10 ptg000007l

CONTIG: ptg000008l (2531bp)
Best alignment score: 2496.1 (LEN: 2531, IDY: 98.62), Total number of alignments: 1
		One align captures most of this contig: 57621 60150 | 1 2531 | 2530 2531 | 98.62 | NC_001224.1 ptg000008l

CONTIG: ptg000009l (11249bp)
Best alignment score: 7152.8 (LEN: 7196, IDY: 99.40), Total number of alignments: 2
			Looking for the best set of alignments (out of 2 total alignments)
			The best set is below. Score: 8103.8, number of alignments: 2, unaligned bases: 2852
		This contig is misassembled.
		This contig is partially unaligned. (Aligned 8397 out of 11249 non-N bases (74.65%))
			Real Alignment 1: 20974 22174 | 2155 955 | 1201 1201 | 100.0 | NC_001224.1 ptg000009l
			  Extensive misassembly (relocation, inconsistency = -1897) between these two alignments
			Real Alignment 2: 13805 20973 | 11248 4053 | 7169 7196 | 99.4 | NC_001224.1 ptg000009l
		Unaligned bases: 2852

CONTIG: ptg000010l (4047bp)
Best alignment score: 3505.0 (LEN: 3518, IDY: 99.63), Total number of alignments: 2
			Looking for the best set of alignments (out of 2 total alignments)
			The best set is below. Score: 3816.0, number of alignments: 2, unaligned bases: 15
		This contig is misassembled.
			Real Alignment 1: 36441 36954 | 1 514 | 514 514 | 99.81 | NC_001224.1 ptg000010l
			  Extensive misassembly (relocation, inconsistency = 2172) between these two alignments
			Real Alignment 2: 39141 42656 | 529 4046 | 3516 3518 | 99.63 | NC_001224.1 ptg000010l

CONTIG: ptg000011l (1566bp)
Best alignment score: 1551.1 (LEN: 1566, IDY: 99.05), Total number of alignments: 1
		One align captures most of this contig: 6752 8324 | 1566 1 | 1573 1566 | 99.05 | NC_001224.1 ptg000011l

CONTIG: ptg000012l (8232bp)
Best alignment score: 4366.9 (LEN: 4588, IDY: 95.18), Total number of alignments: 43
			Looking for the best set of alignments (out of 43 total alignments)
			Skipping redundant alignments after choosing the best set of alignments
		Skipping redundant alignment 198772 202221 | 1 3449 | 3450 3449 | 96.96 | NC_001145.3 ptg000012l
		Skipping redundant alignment 850649 854108 | 3463 6 | 3460 3458 | 97.75 | NC_001148.4 ptg000012l
		Skipping redundant alignment 120144 123608 | 1 3463 | 3465 3463 | 97.72 | NC_001147.6 ptg000012l
		Skipping redundant alignment 160258 163721 | 3463 1 | 3464 3463 | 97.09 | NC_001133.9 ptg000012l
		Skipping redundant alignment 475994 479457 | 3463 1 | 3464 3463 | 96.8 | NC_001144.5 ptg000012l
		Skipping redundant alignment 58892 62355 | 1 3463 | 3464 3463 | 96.8 | NC_001148.4 ptg000012l
		Skipping redundant alignment 443412 446880 | 3468 1 | 3469 3468 | 96.97 | NC_001137.3 ptg000012l
		Skipping redundant alignment 186605 190074 | 1 3474 | 3470 3474 | 99.19 | NC_001145.3 ptg000012l
		Skipping redundant alignment 846853 850331 | 1 3474 | 3479 3474 | 99.17 | NC_001148.4 ptg000012l
		Skipping redundant alignment 372706 376181 | 3474 1 | 3476 3474 | 97.59 | NC_001145.3 ptg000012l
		Skipping redundant alignment 543619 547088 | 3474 1 | 3470 3474 | 97.21 | NC_001140.6 ptg000012l
		Skipping redundant alignment 645511 648982 | 3474 1 | 3472 3474 | 96.69 | NC_001136.10 ptg000012l
		Skipping redundant alignment 561852 565323 | 3474 1 | 3472 3474 | 96.41 | NC_001139.9 ptg000012l
		Skipping redundant alignment 184392 188506 | 4119 8232 | 4115 4114 | 99.42 | NC_001145.3 ptg000012l
		Skipping redundant alignment 595043 599157 | 4119 8232 | 4115 4114 | 99.1 | NC_001147.6 ptg000012l
		Skipping redundant alignment 818970 823084 | 8232 4119 | 4115 4114 | 98.2 | NC_001139.9 ptg000012l
		Skipping redundant alignment 259800 263917 | 4119 8232 | 4118 4114 | 97.72 | NC_001134.8 ptg000012l
		Skipping redundant alignment 545187 549415 | 8232 4119 | 4229 4114 | 95.2 | NC_001140.6 ptg000012l
		Skipping redundant alignment 1095882 1100109 | 4009 8232 | 4228 4224 | 98.98 | NC_001136.10 ptg000012l
		Skipping redundant alignment 844527 848757 | 4009 8232 | 4231 4224 | 98.89 | NC_001148.4 ptg000012l
		Skipping redundant alignment 374280 378507 | 8232 4009 | 4228 4224 | 98.7 | NC_001145.3 ptg000012l
		Skipping redundant alignment 117818 122045 | 4009 8232 | 4228 4224 | 98.61 | NC_001147.6 ptg000012l
		Skipping redundant alignment 535875 540102 | 4009 8232 | 4228 4224 | 98.42 | NC_001139.9 ptg000012l
		Skipping redundant alignment 472578 476805 | 4009 8232 | 4228 4224 | 98.11 | NC_001142.9 ptg000012l
		Skipping redundant alignment 216663 220890 | 8232 4009 | 4228 4224 | 97.54 | NC_001144.5 ptg000012l
		Skipping redundant alignment 494079 498306 | 8232 4009 | 4228 4224 | 97.47 | NC_001137.3 ptg000012l
		Skipping redundant alignment 647081 651419 | 8232 3895 | 4339 4338 | 99.31 | NC_001136.10 ptg000012l
		Skipping redundant alignment 563422 567760 | 8232 3895 | 4339 4338 | 99.13 | NC_001139.9 ptg000012l
		Skipping redundant alignment 478051 482389 | 3895 8232 | 4339 4338 | 99.03 | NC_001142.9 ptg000012l
		Skipping redundant alignment 988304 992642 | 8232 3895 | 4339 4338 | 98.92 | NC_001136.10 ptg000012l
		Skipping redundant alignment 806224 810562 | 8232 3895 | 4339 4338 | 98.89 | NC_001148.4 ptg000012l
		Skipping redundant alignment 879882 884220 | 8232 3895 | 4339 4338 | 98.83 | NC_001136.10 ptg000012l
		Skipping redundant alignment 1206704 1211042 | 3895 8232 | 4339 4338 | 98.67 | NC_001136.10 ptg000012l
		Skipping redundant alignment 161820 166162 | 8232 3895 | 4343 4338 | 98.53 | NC_001133.9 ptg000012l
		Skipping redundant alignment 196332 200673 | 3895 8232 | 4342 4338 | 98.46 | NC_001145.3 ptg000012l
		Skipping redundant alignment 56452 60793 | 3895 8232 | 4342 4338 | 98.39 | NC_001148.4 ptg000012l
		Skipping redundant alignment 593145 597483 | 3895 8232 | 4339 4338 | 97.81 | NC_001144.5 ptg000012l
		Skipping redundant alignment 519163 523483 | 3895 8232 | 4321 4338 | 97.79 | NC_001146.8 ptg000012l
		Skipping redundant alignment 650823 655164 | 3894 8232 | 4342 4339 | 98.78 | NC_001144.5 ptg000012l
		Skipping redundant alignment 477556 481898 | 8232 3894 | 4343 4339 | 98.37 | NC_001144.5 ptg000012l
		Skipping redundant alignment 444979 449322 | 8232 3893 | 4344 4340 | 98.53 | NC_001137.3 ptg000012l
		This contig has several significant sets of alignments. [An ambiguously mapped contig]
		Using only the very best set (option --ambiguity-usage is set to "one").
			The best set is below. Score: 7572.0, number of alignments: 2, unaligned bases: 161
		This contig is misassembled.
			Real Alignment 1: 1098208 1101692 | 1 3483 | 3485 3483 | 99.23 | NC_001136.10 ptg000012l
			  Extensive misassembly (translocation) between these two alignments
			Real Alignment 2: 852212 856877 | 8232 3645 | 4666 4588 | 95.18 | NC_001148.4 ptg000012l

Analyzing coverage...
Writing SNPs into /media/lgbio-nas1/renatadias/curso-nanopore/8.QC_montagens/quast-final/contigs_reports/minimap_output/Scer2_hifiasm.used_snps

Analysis is finished!
Founded SNPs were written into /media/lgbio-nas1/renatadias/curso-nanopore/8.QC_montagens/quast-final/contigs_reports/minimap_output/Scer2_hifiasm.used_snps

Results:
	Local Misassemblies: 1
	Misassemblies: 3
		Relocations: 2
		Translocations: 1
		Inversions: 0
	Scaffold gap extensive misassemblies: 0
	Scaffold gap local misassemblies: 0
	Misassembled Contigs: 3
	Misassembled Contig Bases: 23528
	Misassemblies Inter-Contig Overlap ("Extra" Aligned Bases): 0
Unaligned Contigs: 0 + 1 part
Half Unaligned Contigs with Misassemblies: 0
Unaligned Bases in Fully and Partially Unaligned Contigs: 2852

Ambiguously Mapped Contigs: 2
Total Bases in Ambiguously Mapped Contigs: 13715
"Extra" Aligned Bases in Ambiguously Mapped Contigs: 0
Note that --allow-ambiguity option was set to "one" and only first alignment per each of these contigs was used (there is no "extra" aligned bases).

	Covered Bases in Reference: 59234
	Raw Aligned Bases in Assembly: 59133
	Total Aligned Bases in Assembly (with "Extras"): 59133

	SNPs: 320
	Insertions: 99
	Deletions: 284

